<?xml version="1.0" encoding="UTF-8"?>
<!-- Generated by org.testng.reporters.JUnitXMLReporter -->
<testsuite ignored="0" hostname="LAPTOP-09UA4DBG" failures="0" tests="2" name="SelfHealingSuite" time="43.731" errors="0" timestamp="2026-08-30T15:58:42 IST">
  <testcase classname="com.qa.framework.tests.SelfHealingTest" name="healsThroughFallbackWhenPrimaryLocatorIsBroken" time="10.326"/>
  <testcase classname="com.qa.framework.tests.SelfHealingTest" name="healsThroughSecondFallbackWhenFirstFallbackAlsoFails" time="20.479"/>
</testsuite> <!-- SelfHealingSuite -->
