<?xml version="1.0" encoding="UTF-8"?>
<testng-results ignored="0" total="4" passed="4" failed="0" skipped="0">
  <reporter-output>
  </reporter-output>
  <suite started-at="2026-08-30T15:56:58 IST" name="SeleniumQAFrameworkSuite" finished-at="2026-08-30T15:58:42 IST" duration-ms="104794">
    <groups>
    </groups>
    <test started-at="2026-08-30T15:56:58 IST" name="LocatorBenchmarkSuite" finished-at="2026-08-30T15:57:49 IST" duration-ms="51265">
      <class name="com.qa.framework.tests.LocatorBenchmarkTest">
        <test-method is-config="true" signature="setUp()[pri:0, instance:com.qa.framework.tests.LocatorBenchmarkTest@51fadaff]" started-at="2026-08-30T15:56:58 IST" name="setUp" finished-at="2026-08-30T15:57:02 IST" duration-ms="4489" status="PASS">
          <reporter-output>
          </reporter-output>
        </test-method> <!-- setUp -->
        <test-method signature="benchmarkBrittleVersusRelativeLocatorPerformance()[pri:0, instance:com.qa.framework.tests.LocatorBenchmarkTest@51fadaff]" started-at="2026-08-30T15:57:02 IST" name="benchmarkBrittleVersusRelativeLocatorPerformance" finished-at="2026-08-30T15:57:48 IST" duration-ms="46344" status="PASS">
          <reporter-output>
          </reporter-output>
        </test-method> <!-- benchmarkBrittleVersusRelativeLocatorPerformance -->
        <test-method is-config="true" signature="tearDown()[pri:0, instance:com.qa.framework.tests.LocatorBenchmarkTest@51fadaff]" started-at="2026-08-30T15:57:48 IST" name="tearDown" finished-at="2026-08-30T15:57:49 IST" duration-ms="356" status="PASS">
          <reporter-output>
          </reporter-output>
        </test-method> <!-- tearDown -->
      </class> <!-- com.qa.framework.tests.LocatorBenchmarkTest -->
    </test> <!-- LocatorBenchmarkSuite -->
    <test started-at="2026-08-30T15:57:49 IST" name="DataIntegritySuite" finished-at="2026-08-30T15:57:59 IST" duration-ms="9754">
      <class name="com.qa.framework.tests.DataIntegrityTest">
        <test-method is-config="true" signature="setUp()[pri:0, instance:com.qa.framework.tests.DataIntegrityTest@e383572]" started-at="2026-08-30T15:57:49 IST" name="setUp" finished-at="2026-08-30T15:57:57 IST" duration-ms="7993" status="PASS">
          <reporter-output>
          </reporter-output>
        </test-method> <!-- setUp -->
        <test-method signature="validateFullGridMatchesReferenceData()[pri:0, instance:com.qa.framework.tests.DataIntegrityTest@e383572]" started-at="2026-08-30T15:57:57 IST" name="validateFullGridMatchesReferenceData" finished-at="2026-08-30T15:57:58 IST" duration-ms="1589" status="PASS">
          <reporter-output>
          </reporter-output>
        </test-method> <!-- validateFullGridMatchesReferenceData -->
        <test-method is-config="true" signature="tearDown()[pri:0, instance:com.qa.framework.tests.DataIntegrityTest@e383572]" started-at="2026-08-30T15:57:58 IST" name="tearDown" finished-at="2026-08-30T15:57:59 IST" duration-ms="169" status="PASS">
          <reporter-output>
          </reporter-output>
        </test-method> <!-- tearDown -->
      </class> <!-- com.qa.framework.tests.DataIntegrityTest -->
    </test> <!-- DataIntegritySuite -->
    <test started-at="2026-08-30T15:57:59 IST" name="SelfHealingSuite" finished-at="2026-08-30T15:58:42 IST" duration-ms="43731">
      <class name="com.qa.framework.tests.SelfHealingTest">
        <test-method is-config="true" signature="setUp()[pri:0, instance:com.qa.framework.tests.SelfHealingTest@a4add54]" started-at="2026-08-30T15:57:59 IST" name="setUp" finished-at="2026-08-30T15:58:11 IST" duration-ms="12724" status="PASS">
          <reporter-output>
          </reporter-output>
        </test-method> <!-- setUp -->
        <test-method signature="healsThroughFallbackWhenPrimaryLocatorIsBroken()[pri:0, instance:com.qa.framework.tests.SelfHealingTest@a4add54]" started-at="2026-08-30T15:58:11 IST" name="healsThroughFallbackWhenPrimaryLocatorIsBroken" finished-at="2026-08-30T15:58:22 IST" duration-ms="10326" status="PASS">
          <reporter-output>
          </reporter-output>
        </test-method> <!-- healsThroughFallbackWhenPrimaryLocatorIsBroken -->
        <test-method signature="healsThroughSecondFallbackWhenFirstFallbackAlsoFails()[pri:0, instance:com.qa.framework.tests.SelfHealingTest@a4add54]" started-at="2026-08-30T15:58:22 IST" name="healsThroughSecondFallbackWhenFirstFallbackAlsoFails" finished-at="2026-08-30T15:58:42 IST" duration-ms="20479" status="PASS">
          <reporter-output>
          </reporter-output>
        </test-method> <!-- healsThroughSecondFallbackWhenFirstFallbackAlsoFails -->
        <test-method is-config="true" signature="tearDown()[pri:0, instance:com.qa.framework.tests.SelfHealingTest@a4add54]" started-at="2026-08-30T15:58:42 IST" name="tearDown" finished-at="2026-08-30T15:58:42 IST" duration-ms="199" status="PASS">
          <reporter-output>
          </reporter-output>
        </test-method> <!-- tearDown -->
      </class> <!-- com.qa.framework.tests.SelfHealingTest -->
    </test> <!-- SelfHealingSuite -->
  </suite> <!-- SeleniumQAFrameworkSuite -->
</testng-results>
